  C R Y S O L    Version 2.8.2  -- 14/09/12
 
 
 -- Program  started  at   20-Apr-2015   12:19:05--
 
 --------  Real space resolution and grid  -------- 
 
  Maximum order of harmonics ............................ : 10
  Order of Fibonacci grid ............................... : 18
  Total number of directions ............................ : 4182
 
 ------------  Reciprocal space grid  -------------
 
   in s = 4*pi*sin(theta)/lambda [1/angstrom] 
  Maximum scattering angle .............................. : 0.2000
  Number of angular points .............................. : 51
 
 --- Structural parameters (sizes in angstroms) --- 
 
 PDB file name .......................................... : 4x167_gH5.pdb
  Number of atoms read .................................. : 51692
  Number of discarded hydrogens ......................... : 812
 Geometric Center:   63.857    0.273  118.745
  Number of carbons read ................................ : 23296
  Number of nitrogens read .............................. : 9164
  Number of oxigens read ................................ : 9644
  Number of sulfur atoms read ........................... : 60
  Number of phospor atoms read .......................... : 3960
  Number of calcium atoms read .......................... : 3224
  Number of cadmium atoms read .......................... : 2344
 For  458  zero directions radius    8.30 assumed
 Center of the excess electron density:  0.028  0.010  0.003
 Electron   Rg   :  83.03       Envelope   Rg      :  79.45    
 Shape      Rg   :  83.75       Envelope  volume   : 0.1529E+07
 Shell    volume : 0.1576E+06   Envelope  surface  : 0.5051E+05
 Shell      Rg   :  96.19       Envelope  radius   :  131.3    
 Shell    width  :  3.000       Envelope  diameter :  257.6    
 Molecular Weight: 0.1080E+07   Dry volume         : 0.1309E+07
 Displaced volume: 0.6601E+06   Average atomic rad.:  1.450    
 Number of residuals :    3224
 Number of bases :   1320
 
 -- No data fitting, parameters entered manually --
 
 Solvent density ........................................ : 0.3340
 Contrast of the solvation shell ........................ : 3.000e-2
 Average atomic radius .................................. : 1.450
 Excluded Volume ........................................ : 6.601e+5
 Average atomic volume .................................. : 12.77
 Radius of gyration from atomic structure
 Rg ( Atoms - Excluded volume + Shell ) ................. : 82.72
 Rg from the slope of net intensity ..................... : 83.00
 Average electron density ............................... : 0.7853
  
 ----------------  Output files  ------------------
  
 Coefficients   saved to file 4x167_gH500.flm
 CRYSOL data    saved to file 4x167_gH500.sav
 Intensities    saved to file 4x167_gH500.int
 Net amplitudes saved to file 4x167_gH500.alm
 
  C R Y S O L    Version 2.8.2  -- 14/09/12 ----  terminated at   20-Apr-2015   12:19:09--
