  C R Y S O L    Version 2.8.2  -- 14/09/12
 
 
 -- Program  started  at   20-Apr-2015   12:17:49--
 
 --------  Real space resolution and grid  -------- 
 
  Maximum order of harmonics ............................ : 10
  Order of Fibonacci grid ............................... : 18
  Total number of directions ............................ : 4182
 
 ------------  Reciprocal space grid  -------------
 
   in s = 4*pi*sin(theta)/lambda [1/angstrom] 
  Maximum scattering angle .............................. : 0.2000
  Number of angular points .............................. : 51
 
 --- Structural parameters (sizes in angstroms) --- 
 
 PDB file name .......................................... : c11.pdb
  Number of atoms read .................................. : 58791
  Number of discarded hydrogens ......................... : 48201
 Geometric Center:   63.797    0.375  118.689
  Number of carbons read ................................ : 32430
  Number of nitrogens read .............................. : 11257
  Number of oxigens read ................................ : 13672
  Number of sulfur atoms read ........................... : 48
  Number of phospor atoms read .......................... : 1384
 For  587  zero directions radius    8.48 assumed
 Center of the excess electron density: -0.008 -0.073  0.002
 Electron   Rg   :  84.77       Envelope   Rg      :  80.46    
 Shape      Rg   :  84.74       Envelope  volume   : 0.1791E+07
 Shell    volume : 0.1814E+06   Envelope  surface  : 0.5823E+05
 Shell      Rg   :  97.56       Envelope  radius   :  139.2    
 Shell    width  :  3.000       Envelope  diameter :  271.7    
 Molecular Weight: 0.8472E+06   Dry volume         : 0.1027E+07
 Displaced volume: 0.8830E+06   Average atomic rad.:  1.531    
 Number of residuals :    3832
 
 -- No data fitting, parameters entered manually --
 
 Solvent density ........................................ : 0.3340
 Contrast of the solvation shell ........................ : 3.000e-2
 Average atomic radius .................................. : 1.531
 Excluded Volume ........................................ : 8.830e+5
 Average atomic volume .................................. : 15.02
 Radius of gyration from atomic structure
 Rg ( Atoms - Excluded volume + Shell ) ................. : 85.33
 Rg from the slope of net intensity ..................... : 85.25
 Average electron density ............................... : 0.4991
  
 ----------------  Output files  ------------------
  
 Coefficients   saved to file c1100.flm
 CRYSOL data    saved to file c1100.sav
 Intensities    saved to file c1100.int
 Net amplitudes saved to file c1100.alm
 
  C R Y S O L    Version 2.8.2  -- 14/09/12 ----  terminated at   20-Apr-2015   12:17:54--
